Removed Pin From Net: NetName=GND Pin=C1-2
Removed Pin From Net: NetName=GND Pin=C2-2
Removed Pin From Net: NetName=GND Pin=C3-2
Removed Pin From Net: NetName=NetC3_1 Pin=C4-1
Removed Pin From Net: NetName=GND Pin=C4-2
Removed Pin From Net: NetName=GND Pin=C9-1
Removed Pin From Net: NetName=-5v Pin=C9-2
Removed Pin From Net: NetName=GND Pin=C10-1
Removed Pin From Net: NetName=-5v Pin=C10-2
Removed Pin From Net: NetName=GND Pin=C13-1
Removed Pin From Net: NetName=-5v Pin=C13-2
Removed Pin From Net: NetName=GND Pin=C14-1
Removed Pin From Net: NetName=-5v Pin=C14-2
Removed Pin From Net: NetName=GND Pin=p2-1
Removed Pin From Net: NetName=GND Pin=p2-2
Removed Pin From Net: NetName=Netr1_1 Pin=r1-1
Removed Pin From Net: NetName=Netr1_2 Pin=r1-2
Removed Pin From Net: NetName=NetC5_1 Pin=r2-2
Removed Pin From Net: NetName=NetC5_1 Pin=r3-1
Removed Pin From Net: NetName=NetC6_1 Pin=r3-2
Removed Pin From Net: NetName=-5v Pin=u1-1
Removed Pin From Net: NetName=GND Pin=u2-1
Removed Pin From Net: NetName=NetC3_1 Pin=u2-2
Removed Pin From Net: NetName=Netr1_1 Pin=U3-1
Removed Pin From Net: NetName=NetC3_1 Pin=U3-5
Removed Pin From Net: NetName=Netr1_2 Pin=U3-8
Removed Pin From Net: NetName=-5v Pin=U4-4
Removed Pin From Net: NetName=NetC8_1 Pin=U4-5
Removed Pin From Net: NetName=-5v Pin=U5-3
Removed Pin From Net: NetName=Netr2_1 Pin=U5-4
Removed Pin From Net: NetName=-5v Pin=U6-3
Removed Pin From Net: NetName=NetC7_2 Pin=U6-4
Removed Pin From Net: NetName=GND Pin=vin-2
Removed Pin From Net: NetName=GND Pin=vin-2
Removed Pin From Net: NetName=GND Pin=vin-2
Removed Pin From Net: NetName=GND Pin=vin-2
Removed Member From Class: ClassName=2021 Member=C1
Removed Member From Class: ClassName=2021 Member=C2
Removed Member From Class: ClassName=2021 Member=C3
Removed Member From Class: ClassName=2021 Member=C4
Removed Member From Class: ClassName=2021 Member=C13
Removed Member From Class: ClassName=2021 Member=C14
Removed Member From Class: ClassName=2021 Member=p2
Removed Member From Class: ClassName=2021 Member=r1
Removed Member From Class: ClassName=2021 Member=u1
Removed Member From Class: ClassName=2021 Member=U6
Removed Member From Class: ClassName=2021 Member=vin
Change Component Footprint: Designator=u1 Old Footprint=CONN-TH_P5.00_KF128-5.0-2P New Footprint=SO-8
Change Component Comment : Designator=C3 Old Comment=Cap2 New Comment=Cap
Change Component Comment : Designator=C2 Old Comment=Cap2 New Comment=Cap
Change Component Comment : Designator=C1 Old Comment=Cap2 New Comment=Cap
Change Component Comment : Designator=C4 Old Comment=Cap2 New Comment=Cap Pol1
Change Component Comment : Designator=p2 Old Comment=Header 2 New Comment=ENABLE
Change Component Comment : Designator=u1 Old Comment=KF128-5.0-2P New Comment=TPS5430
Change Component Comment : Designator=U5 Old Comment=LM2596T-12_C194353 New Comment=opa2727
Change Component Comment : Designator=U4 Old Comment=op2727 New Comment=opa2727
Change Component Comment : Designator=r3 Old Comment=Res1 New Comment=Res2
Change Component Comment : Designator=r2 Old Comment=Res1 New Comment=Res2
Change Component Comment : Designator=r1 Old Comment=Res1 New Comment=Res2
Change Component Designator: OldDesignator=p1 NewDesignator=AC
Change Component Designator: OldDesignator=p3 NewDesignator=DC
Added Component: Designator=C21(CAPR5-4X5)
Added Component: Designator=C22(CAPR5-4X5)
Added Component: Designator=C31(CAPR5-4X5)
Added Component: Designator=C32(CAPR5-4X5)
Added Component: Designator=C41(CAPR5-4X5)
Added Component: Designator=C42(CAPR5-4X5)
Added Component: Designator=C51(CAPR5-4X5)
Added Component: Designator=C52(CAPR5-4X5)
Added Component: Designator=C61(CAPR5-4X5)
Added Component: Designator=C62(CAPR5-4X5)
Added Component: Designator=C71(CAPR5-4X5)
Added Component: Designator=C72(CAPR5-4X5)
Added Component: Designator=C81(CAPR5-4X5)
Added Component: Designator=C82(CAPR5-4X5)
Added Component: Designator=C91(CAPR5-4X5)
Added Component: Designator=C92(CAPR5-4X5)
Added Component: Designator=r6(AXIAL-0.3)
Added Component: Designator=r7(AXIAL-0.3)
Added Component: Designator=r9(AXIAL-0.3)
Added Component: Designator=r10(AXIAL-0.3)
Added Component: Designator=Ros1(VR5)
Added Component: Designator=Ros2(VR5)
Added Component: Designator=Ros3(VR5)
Added Component: Designator=Vo(HDR1X2)
Added Pin To Net: NetName=GND Pin=C1-1
Added Pin To Net: NetName=GND Pin=C9-2
Added Pin To Net: NetName=GND Pin=C10-2
Added Pin To Net: NetName=GND Pin=C21-2
Added Pin To Net: NetName=GND Pin=C22-2
Added Pin To Net: NetName=GND Pin=C31-2
Added Pin To Net: NetName=GND Pin=C32-2
Added Pin To Net: NetName=GND Pin=C41-1
Added Pin To Net: NetName=GND Pin=C42-1
Added Pin To Net: NetName=GND Pin=C51-2
Added Pin To Net: NetName=GND Pin=C52-2
Added Pin To Net: NetName=-5v Pin=C61-1
Added Pin To Net: NetName=GND Pin=C61-2
Added Pin To Net: NetName=-5v Pin=C62-1
Added Pin To Net: NetName=GND Pin=C62-2
Added Pin To Net: NetName=GND Pin=C71-2
Added Pin To Net: NetName=GND Pin=C72-2
Added Pin To Net: NetName=GND Pin=C81-2
Added Pin To Net: NetName=GND Pin=C82-2
Added Pin To Net: NetName=GND Pin=C91-2
Added Pin To Net: NetName=GND Pin=C92-2
Added Pin To Net: NetName=Netr1_1 Pin=r1-1
Added Pin To Net: NetName=Netr1_2 Pin=r1-2
Added Pin To Net: NetName=Netr2_1 Pin=r3-2
Added Pin To Net: NetName=GND Pin=r7-1
Added Pin To Net: NetName=NetC7_2 Pin=r9-1
Added Pin To Net: NetName=NetC5_1 Pin=r9-2
Added Pin To Net: NetName=NetC5_1 Pin=r10-1
Added Pin To Net: NetName=NetC6_1 Pin=r10-2
Added Pin To Net: NetName=Netr2_1 Pin=u1-4
Added Pin To Net: NetName=NetC3_1 Pin=u1-8
Added Pin To Net: NetName=NetC7_2 Pin=u2-1
Added Pin To Net: NetName=NetC7_2 Pin=u2-2
Added Pin To Net: NetName=Netr1_2 Pin=U3-1
Added Pin To Net: NetName=Netr1_1 Pin=U3-8
Added Pin To Net: NetName=NetC8_1 Pin=U5-3
Added Pin To Net: NetName=+5 Pin=C11-1
Added Pin To Net: NetName=+5 Pin=C12-1
Added Pin To Net: NetName=+5 Pin=C21-1
Added Pin To Net: NetName=+5 Pin=C22-1
Added Pin To Net: NetName=+5 Pin=C41-2
Added Pin To Net: NetName=+5 Pin=C42-2
Added Pin To Net: NetName=+5 Pin=C71-1
Added Pin To Net: NetName=+5 Pin=C72-1
Added Pin To Net: NetName=+5 Pin=C91-1
Added Pin To Net: NetName=+5 Pin=C92-1
Added Pin To Net: NetName=+5 Pin=Ros1-3
Added Pin To Net: NetName=+5 Pin=Ros2-3
Added Pin To Net: NetName=+5 Pin=Ros3-3
Added Pin To Net: NetName=+5 Pin=U3-7
Added Pin To Net: NetName=+5 Pin=U4-7
Added Net: Name=+5
Added Pin To Net: NetName=-5 Pin=C9-1
Added Pin To Net: NetName=-5 Pin=C10-1
Added Pin To Net: NetName=-5 Pin=C31-1
Added Pin To Net: NetName=-5 Pin=C32-1
Added Pin To Net: NetName=-5 Pin=C51-1
Added Pin To Net: NetName=-5 Pin=C52-1
Added Pin To Net: NetName=-5 Pin=C81-1
Added Pin To Net: NetName=-5 Pin=C82-1
Added Pin To Net: NetName=-5 Pin=U4-4
Added Pin To Net: NetName=-5 Pin=U5-5
Added Net: Name=-5
Added Pin To Net: NetName=NetAC_1 Pin=AC-1
Added Pin To Net: NetName=NetAC_1 Pin=AC-2
Added Pin To Net: NetName=NetAC_1 Pin=U3-3
Added Pin To Net: NetName=NetAC_1 Pin=U4-6
Added Net: Name=NetAC_1
Added Pin To Net: NetName=NetC1_2 Pin=C1-2
Added Pin To Net: NetName=NetC1_2 Pin=C2-2
Added Pin To Net: NetName=NetC1_2 Pin=u1-7
Added Net: Name=NetC1_2
Added Pin To Net: NetName=NetC2_1 Pin=C2-1
Added Pin To Net: NetName=NetC2_1 Pin=C4-2
Added Pin To Net: NetName=NetC2_1 Pin=p2-2
Added Pin To Net: NetName=NetC2_1 Pin=r3-1
Added Pin To Net: NetName=NetC2_1 Pin=u1-6
Added Net: Name=NetC2_1
Added Pin To Net: NetName=NetC3_2 Pin=C3-2
Added Pin To Net: NetName=NetC3_2 Pin=u1-1
Added Net: Name=NetC3_2
Added Pin To Net: NetName=NetC4_1 Pin=C4-1
Added Pin To Net: NetName=NetC4_1 Pin=r1-2
Added Net: Name=NetC4_1
Added Pin To Net: NetName=NetDC_1 Pin=DC-1
Added Pin To Net: NetName=NetDC_1 Pin=DC-2
Added Net: Name=NetDC_1
Added Pin To Net: NetName=NetP2_1 Pin=p2-1
Added Pin To Net: NetName=NetP2_1 Pin=u1-5
Added Net: Name=NetP2_1
Added Pin To Net: NetName=Netr6_1 Pin=r6-1
Added Pin To Net: NetName=Netr6_1 Pin=r7-2
Added Net: Name=Netr6_1
Added Pin To Net: NetName=NetRos1_1 Pin=Ros1-1
Added Pin To Net: NetName=NetRos1_1 Pin=U4-1
Added Net: Name=NetRos1_1
Added Pin To Net: NetName=NetRos1_2 Pin=Ros1-2
Added Pin To Net: NetName=NetRos1_2 Pin=U4-8
Added Net: Name=NetRos1_2
Added Pin To Net: NetName=NetRos2_1 Pin=Ros2-1
Added Pin To Net: NetName=NetRos2_1 Pin=U5-1
Added Net: Name=NetRos2_1
Added Pin To Net: NetName=NetRos2_2 Pin=Ros2-2
Added Net: Name=NetRos2_2
Added Pin To Net: NetName=NetRos3_1 Pin=Ros3-1
Added Net: Name=NetRos3_1
Added Pin To Net: NetName=NetRos3_2 Pin=Ros3-2
Added Net: Name=NetRos3_2
Added Pin To Net: NetName=NetU3_6 Pin=U3-6
Added Pin To Net: NetName=NetU3_6 Pin=Vo-1
Added Pin To Net: NetName=NetU3_6 Pin=Vo-2
Added Net: Name=NetU3_6
Added Pin To Net: NetName=VCC Pin=r6-2
Added Net: Name=VCC
Added Pin To Net: NetName=VREF Pin=U3-5
Added Net: Name=VREF
Added Class: Name=TPS5403
Added Member To Class: ClassName=2021 Member=Component C21 Cap2
Added Member To Class: ClassName=2021 Member=Component C22 Cap2
Added Member To Class: ClassName=2021 Member=Component C31 Cap2
Added Member To Class: ClassName=2021 Member=Component C32 Cap2
Added Member To Class: ClassName=2021 Member=Component C41 Cap2
Added Member To Class: ClassName=2021 Member=Component C42 Cap2
Added Member To Class: ClassName=2021 Member=Component C51 Cap2
Added Member To Class: ClassName=2021 Member=Component C52 Cap2
Added Member To Class: ClassName=2021 Member=Component C61 Cap2
Added Member To Class: ClassName=2021 Member=Component C62 Cap2
Added Member To Class: ClassName=2021 Member=Component C71 Cap2
Added Member To Class: ClassName=2021 Member=Component C72 Cap2
Added Member To Class: ClassName=2021 Member=Component C81 Cap2
Added Member To Class: ClassName=2021 Member=Component C82 Cap2
Added Member To Class: ClassName=2021 Member=Component C91 Cap2
Added Member To Class: ClassName=2021 Member=Component C92 Cap2
Added Member To Class: ClassName=2021 Member=Component r6 Res1
Added Member To Class: ClassName=2021 Member=Component r7 Res1
Added Member To Class: ClassName=2021 Member=Component Ros1 POT1
Added Member To Class: ClassName=2021 Member=Component Ros2 POT2
Added Member To Class: ClassName=2021 Member=Component Ros3 POT1
Added Member To Class: ClassName=2021 Member=Component Vo Header 2
