Removed Member From Class: ClassName=TPS5403 Member=C7
Removed Member From Class: ClassName=TPS5403 Member=C8
Removed Member From Class: ClassName=TPS5403 Member=C51
Removed Member From Class: ClassName=TPS5403 Member=C52
Removed Member From Class: ClassName=TPS5403 Member=r4
Removed Member From Class: ClassName=TPS5403 Member=r5
Removed Member From Class: ClassName=TPS5403 Member=r9
Change Component Footprint: Designator=C5 Old Footprint=CAPR5-4X5 New Footprint=RAD0.2
Change Component Footprint: Designator=C6 Old Footprint=CAPR5-4X5 New Footprint=RAD0.2
Change Component Footprint: Designator=C7 Old Footprint=CAPR5-4X5 New Footprint=RAD0.2
Change Component Footprint: Designator=C8 Old Footprint=CAPR5-4X5 New Footprint=RAD0.2
Change Component Footprint: Designator=C9 Old Footprint=CAPR5-4X5 New Footprint=RAD0.2
Change Component Footprint: Designator=C10 Old Footprint=CAPR5-4X5 New Footprint=RAD0.2
Change Component Footprint: Designator=C11 Old Footprint=CAPR5-4X5 New Footprint=RAD0.2
Change Component Footprint: Designator=C12 Old Footprint=CAPR5-4X5 New Footprint=RAD0.2
Change Component Footprint: Designator=C21 Old Footprint=CAPR5-4X5 New Footprint=RAD0.2
Change Component Footprint: Designator=C22 Old Footprint=CAPR5-4X5 New Footprint=RAD0.2
Change Component Footprint: Designator=C41 Old Footprint=CAPR5-4X5 New Footprint=RAD0.2
Change Component Footprint: Designator=C42 Old Footprint=CAPR5-4X5 New Footprint=RAD0.2
Change Component Footprint: Designator=C51 Old Footprint=CAPR5-4X5 New Footprint=RAD0.2
Change Component Footprint: Designator=C52 Old Footprint=CAPR5-4X5 New Footprint=RAD0.2
Change Component Footprint: Designator=C61 Old Footprint=CAPR5-4X5 New Footprint=RAD0.2
Change Component Footprint: Designator=C62 Old Footprint=CAPR5-4X5 New Footprint=RAD0.2
Change Component Footprint: Designator=C71 Old Footprint=CAPR5-4X5 New Footprint=RAD0.2
Change Component Footprint: Designator=C72 Old Footprint=CAPR5-4X5 New Footprint=RAD0.2
Change Component Footprint: Designator=C81 Old Footprint=CAPR5-4X5 New Footprint=RAD0.2
Change Component Footprint: Designator=C82 Old Footprint=CAPR5-4X5 New Footprint=RAD0.2
Change Component Footprint: Designator=C91 Old Footprint=CAPR5-4X5 New Footprint=RAD0.2
Change Component Footprint: Designator=C92 Old Footprint=CAPR5-4X5 New Footprint=RAD0.2
Added Member To Class: ClassName=2021 Member=Component C9 Cap2
Added Member To Class: ClassName=2021 Member=Component C10 Cap2
Added Member To Class: ClassName=2021 Member=Component C11 Cap2
Added Member To Class: ClassName=2021 Member=Component C12 Cap2
Added Room: Name=2021
Added Room: Name=TPS5403
