Removed Pin From Net: NetName=NetRos1_1 Pin=U4-1
Removed Pin From Net: NetName=NetAC_1 Pin=U4-2
Removed Pin From Net: NetName=NetC6_1 Pin=U4-3
Removed Pin From Net: NetName=NetAC_1 Pin=U4-6
Removed Pin From Net: NetName=+5 Pin=U4-7
Removed Pin From Net: NetName=NetRos1_2 Pin=U4-8
Change Component Footprint: Designator=P? Old Footprint=HDR1X2 New Footprint=SIP2
Change Component Footprint: Designator=P? Old Footprint=HDR1X2 New Footprint=SIP2
Change Component Footprint: Designator=P? Old Footprint=HDR1X2 New Footprint=SIP2
Change Component Footprint: Designator=P? Old Footprint=HDR1X2 New Footprint=SIP2
Change Component Designator: OldDesignator=P? NewDesignator=P1
Change Component Designator: OldDesignator=P? NewDesignator=P2
Change Component Designator: OldDesignator=P? NewDesignator=P3
Change Component Designator: OldDesignator=P? NewDesignator=P4
Added Pin To Net: NetName=NetRos1_1 Pin=U4-1
Added Pin To Net: NetName=NetAC_1 Pin=U4-2
Added Pin To Net: NetName=NetC6_1 Pin=U4-3
Added Pin To Net: NetName=-5 Pin=U4-4
Added Pin To Net: NetName=NetAC_1 Pin=U4-6
Added Pin To Net: NetName=+5 Pin=U4-7
Added Pin To Net: NetName=NetRos1_2 Pin=U4-8
Added Pin To Net: NetName=NetP1_1 Pin=P1-1
Added Pin To Net: NetName=NetP1_1 Pin=P1-2
Added Pin To Net: NetName=NetP1_1 Pin=U4-3
Added Net: Name=NetP1_1
Added Pin To Net: NetName=NetP2_1 Pin=P2-1
Added Pin To Net: NetName=NetP2_1 Pin=P2-2
Added Pin To Net: NetName=NetP2_1 Pin=U4-7
Added Net: Name=NetP2_1
Added Pin To Net: NetName=NetP3_1 Pin=P3-1
Added Pin To Net: NetName=NetP3_1 Pin=P3-2
Added Pin To Net: NetName=NetP3_1 Pin=U4-2
Added Pin To Net: NetName=NetP3_1 Pin=U4-6
Added Net: Name=NetP3_1
Added Pin To Net: NetName=NetP4_1 Pin=P4-1
Added Pin To Net: NetName=NetP4_1 Pin=P4-2
Added Pin To Net: NetName=NetP4_1 Pin=U4-4
Added Net: Name=NetP4_1
Added Member To Class: ClassName=buffer Member=Component P1 Header 2
Added Member To Class: ClassName=buffer Member=Component P2 Header 2
Added Member To Class: ClassName=buffer Member=Component P3 Header 2
