\BOOKMARK [1][-]{section.1}{\376\377\174\373\176\337\145\271\150\110}{}% 1
\BOOKMARK [2][-]{subsection.1.1}{\376\377\116\073\143\247\126\150\116\016\145\160\143\156\221\307\226\306\145\271\150\110\166\204\220\011\142\351}{section.1}% 2
\BOOKMARK [3][-]{subsubsection.1.1.1}{\376\377\145\271\150\110\116\000\377\032\000M\000S\000P\0004\0003\0000\000\040\000+\000\040\121\205\220\350\000\040\000A\000D\000C}{subsection.1.1}% 3
\BOOKMARK [3][-]{subsubsection.1.1.2}{\376\377\145\271\150\110\116\214\377\032\000S\000T\000M\0003\0002\000F\0001\0000\0003\000V\000E\000\040\000+\000\040\121\205\220\350\000\040\0001\0002\000\040\117\115\000\040\000A\000D\000C\377\010\147\054\210\305\177\156\221\307\165\050\377\011}{subsection.1.1}% 4
\BOOKMARK [3][-]{subsubsection.1.1.3}{\376\377\145\271\150\110\116\011\377\032\131\026\177\156\232\330\220\037\000\040\000A\000D\000C}{subsection.1.1}% 5
\BOOKMARK [2][-]{subsection.1.2}{\376\377\122\115\172\357\117\341\123\367\214\003\164\006\165\065\215\357\145\271\150\110}{section.1}% 6
\BOOKMARK [2][-]{subsection.1.3}{\376\377\214\020\154\342\122\006\147\220\173\227\154\325\145\271\150\110}{section.1}% 7
\BOOKMARK [3][-]{subsubsection.1.3.1}{\376\377\145\271\150\110\116\000\377\032\121\150\136\046\000\040\000F\000F\000T}{subsection.1.3}% 8
\BOOKMARK [3][-]{subsubsection.1.3.2}{\376\377\145\271\150\110\116\214\377\032\000G\000o\000e\000r\000t\000z\000e\000l\000\040\123\125\230\221\173\227\154\325\377\010\147\054\210\305\177\156\221\307\165\050\377\011}{subsection.1.3}% 9
\BOOKMARK [2][-]{subsection.1.4}{\376\377\220\032\117\341\116\016\146\076\171\072\145\271\150\110}{section.1}% 10
\BOOKMARK [3][-]{subsubsection.1.4.1}{\376\377\147\054\127\060\146\076\171\072\377\032\000I\000L\000I\0009\0003\0004\0001\000\040\000T\000F\000T\000\040\000L\000C\000D}{subsection.1.4}% 11
\BOOKMARK [3][-]{subsubsection.1.4.2}{\376\377\142\113\147\072\172\357\146\076\171\072\377\032\000E\000S\000P\0008\0002\0006\0006\000\040\000+\000\040\000R\000e\000a\000c\000t\000\040\000N\000a\000t\000i\000v\000e\000\040\000A\000p\000p}{subsection.1.4}% 12
\BOOKMARK [1][-]{section.2}{\376\377\174\373\176\337\164\006\213\272\122\006\147\220\116\016\213\241\173\227}{}% 13
\BOOKMARK [2][-]{subsection.2.1}{\376\377\140\073\214\020\154\342\131\061\167\037\166\204\133\232\116\111}{section.2}% 14
\BOOKMARK [2][-]{subsection.2.2}{\376\377\000G\000o\000e\000r\000t\000z\000e\000l\000\040\173\227\154\325\123\237\164\006}{section.2}% 15
\BOOKMARK [2][-]{subsection.2.3}{\376\377\122\240\172\227\121\375\145\160\377\032\142\221\122\066\230\221\214\061\154\304\157\017}{section.2}% 16
\BOOKMARK [2][-]{subsection.2.4}{\376\377\127\372\230\221\117\060\213\241\377\032\116\044\176\247\142\153\143\317\000\040\000+\000\040\142\233\162\151\176\277\143\322\120\074}{section.2}% 17
\BOOKMARK [3][-]{subsubsection.2.4.1}{\376\377\174\227\142\153\377\010\000C\000o\000a\000r\000s\000e\000\040\000S\000c\000a\000n\377\011}{subsection.2.4}% 18
\BOOKMARK [3][-]{subsubsection.2.4.2}{\376\377\176\306\142\153\377\010\000F\000i\000n\000e\000\040\000S\000c\000a\000n\377\011}{subsection.2.4}% 19
\BOOKMARK [3][-]{subsubsection.2.4.3}{\376\377\142\233\162\151\176\277\143\322\120\074\377\010\000P\000a\000r\000a\000b\000o\000l\000i\000c\000\040\000I\000n\000t\000e\000r\000p\000o\000l\000a\000t\000i\000o\000n\377\011}{subsection.2.4}% 20
\BOOKMARK [2][-]{subsection.2.5}{\376\377\116\000\226\066\143\007\145\160\171\373\122\250\136\163\127\107\377\010\000E\000M\000A\377\011}{section.2}% 21
\BOOKMARK [2][-]{subsection.2.6}{\376\377\201\352\220\002\136\224\221\307\150\067\163\207\377\010\000A\000u\000t\000o\000-\000F\000s\377\011}{section.2}% 22
\BOOKMARK [2][-]{subsection.2.7}{\376\377\213\357\135\356\147\145\156\220\122\006\147\220}{section.2}% 23
\BOOKMARK [1][-]{section.3}{\376\377\165\065\215\357\116\016\172\013\136\217\213\276\213\241}{}% 24
\BOOKMARK [2][-]{subsection.3.1}{\376\377\165\065\215\357\213\276\213\241}{section.3}% 25
\BOOKMARK [2][-]{subsection.3.2}{\376\377\172\013\136\217\213\276\213\241}{section.3}% 26
\BOOKMARK [3][-]{subsubsection.3.2.1}{\376\377\145\164\117\123\147\266\147\204}{subsection.3.2}% 27
\BOOKMARK [3][-]{subsubsection.3.2.2}{\376\377\145\160\143\156\221\307\226\306\155\101\172\013}{subsection.3.2}% 28
\BOOKMARK [3][-]{subsubsection.3.2.3}{\376\377\000T\000H\000D\000\040\213\241\173\227\155\101\172\013}{subsection.3.2}% 29
\BOOKMARK [3][-]{subsubsection.3.2.4}{\376\377\121\163\225\056\133\236\163\260\142\200\135\347}{subsection.3.2}% 30
\BOOKMARK [3][-]{subsubsection.3.2.5}{\376\377\142\113\147\072\172\357\136\224\165\050}{subsection.3.2}% 31
\BOOKMARK [2][-]{subsection.3.3}{\376\377\220\073\217\221\174\373\176\337\150\106\126\376}{section.3}% 32
\BOOKMARK [2][-]{subsection.3.4}{\376\377\165\065\156\220\166\204\220\011\165\050\123\312\117\233\165\065\145\271\137\017}{section.3}% 33
\BOOKMARK [1][-]{section.4}{\376\377\155\113\213\325\145\271\150\110\116\016\155\113\213\325\176\323\147\234}{}% 34
\BOOKMARK [2][-]{subsection.4.1}{\376\377\155\113\213\325\213\364\146\016}{section.4}% 35
\BOOKMARK [2][-]{subsection.4.2}{\376\377\155\113\213\325\176\323\147\234}{section.4}% 36
\BOOKMARK [2][-]{subsection.4.3}{\376\377\155\113\213\325\176\323\147\234\122\006\147\220}{section.4}% 37
\BOOKMARK [1][-]{section.5}{\376\377\176\323\213\272}{}% 38
